15:11:01.623 [main]DEBUG org.apache.poi.openxml4j.opc.PackageRelationshipCollection - Parsing relationship: /_rels/.rels
15:11:01.658 [main]DEBUG org.apache.poi.ooxml.POIXMLFactory - using default POIXMLDocumentPart for http://schemas.openxmlformats.org/officeDocument/2006/relationships/printerSettings
15:11:01.686 [main]DEBUG org.apache.poi.openxml4j.opc.PackageRelationshipCollection - Parsing relationship: /xl/_rels/workbook.xml.rels
15:11:01.686 [main]DEBUG org.apache.poi.openxml4j.opc.PackageRelationshipCollection - Parsing relationship: /xl/worksheets/_rels/sheet1.xml.rels
15:11:01.686 [main]DEBUG org.apache.poi.openxml4j.opc.PackageRelationshipCollection - Parsing relationship: /_rels/.rels
15:11:01.711 [main]DEBUG org.apache.poi.ooxml.POIXMLFactory - using default POIXMLDocumentPart for http://schemas.openxmlformats.org/officeDocument/2006/relationships/printerSettings
15:11:01.742 [main]DEBUG org.apache.poi.openxml4j.opc.PackageRelationshipCollection - Parsing relationship: /xl/_rels/workbook.xml.rels
15:11:01.744 [main]DEBUG org.apache.poi.openxml4j.opc.PackageRelationshipCollection - Parsing relationship: /xl/worksheets/_rels/sheet1.xml.rels
15:11:01.746 [main]DEBUG org.apache.poi.openxml4j.opc.PackageRelationshipCollection - Parsing relationship: /_rels/.rels
15:11:01.770 [main]DEBUG org.apache.poi.ooxml.POIXMLFactory - using default POIXMLDocumentPart for http://schemas.openxmlformats.org/officeDocument/2006/relationships/printerSettings
15:11:01.796 [main]DEBUG org.apache.poi.openxml4j.opc.PackageRelationshipCollection - Parsing relationship: /xl/_rels/workbook.xml.rels
15:11:01.798 [main]DEBUG org.apache.poi.openxml4j.opc.PackageRelationshipCollection - Parsing relationship: /xl/worksheets/_rels/sheet1.xml.rels
15:11:01.800 [main]DEBUG org.apache.poi.openxml4j.opc.PackageRelationshipCollection - Parsing relationship: /_rels/.rels
15:11:01.834 [main]DEBUG org.apache.poi.ooxml.POIXMLFactory - using default POIXMLDocumentPart for http://schemas.openxmlformats.org/officeDocument/2006/relationships/printerSettings
15:11:01.861 [main]DEBUG org.apache.poi.openxml4j.opc.PackageRelationshipCollection - Parsing relationship: /xl/_rels/workbook.xml.rels
15:11:01.863 [main]DEBUG org.apache.poi.openxml4j.opc.PackageRelationshipCollection - Parsing relationship: /xl/worksheets/_rels/sheet1.xml.rels
15:11:01.865 [main]DEBUG org.apache.poi.openxml4j.opc.PackageRelationshipCollection - Parsing relationship: /_rels/.rels
15:11:01.888 [main]DEBUG org.apache.poi.ooxml.POIXMLFactory - using default POIXMLDocumentPart for http://schemas.openxmlformats.org/officeDocument/2006/relationships/printerSettings
15:11:01.916 [main]DEBUG org.apache.poi.openxml4j.opc.PackageRelationshipCollection - Parsing relationship: /xl/_rels/workbook.xml.rels
15:11:01.918 [main]DEBUG org.apache.poi.openxml4j.opc.PackageRelationshipCollection - Parsing relationship: /xl/worksheets/_rels/sheet1.xml.rels
15:11:01.922 [main]DEBUG org.apache.poi.openxml4j.opc.PackageRelationshipCollection - Parsing relationship: /_rels/.rels
15:11:01.939 [main]DEBUG org.apache.poi.ooxml.POIXMLFactory - using default POIXMLDocumentPart for http://schemas.openxmlformats.org/officeDocument/2006/relationships/printerSettings
15:11:01.965 [main]DEBUG org.apache.poi.openxml4j.opc.PackageRelationshipCollection - Parsing relationship: /xl/_rels/workbook.xml.rels
15:11:01.966 [main]DEBUG org.apache.poi.openxml4j.opc.PackageRelationshipCollection - Parsing relationship: /xl/worksheets/_rels/sheet1.xml.rels
15:11:01.968 [main]DEBUG org.apache.poi.openxml4j.opc.PackageRelationshipCollection - Parsing relationship: /_rels/.rels
15:11:01.984 [main]DEBUG org.apache.poi.ooxml.POIXMLFactory - using default POIXMLDocumentPart for http://schemas.openxmlformats.org/officeDocument/2006/relationships/printerSettings
15:11:02.009 [main]DEBUG org.apache.poi.openxml4j.opc.PackageRelationshipCollection - Parsing relationship: /xl/_rels/workbook.xml.rels
15:11:02.010 [main]DEBUG org.apache.poi.openxml4j.opc.PackageRelationshipCollection - Parsing relationship: /xl/worksheets/_rels/sheet1.xml.rels
15:11:02.014 [main]DEBUG org.apache.poi.openxml4j.opc.PackageRelationshipCollection - Parsing relationship: /_rels/.rels
15:11:02.027 [main]DEBUG org.apache.poi.ooxml.POIXMLFactory - using default POIXMLDocumentPart for http://schemas.openxmlformats.org/officeDocument/2006/relationships/printerSettings
15:11:02.057 [main]DEBUG org.apache.poi.openxml4j.opc.PackageRelationshipCollection - Parsing relationship: /xl/_rels/workbook.xml.rels
15:11:02.059 [main]DEBUG org.apache.poi.openxml4j.opc.PackageRelationshipCollection - Parsing relationship: /xl/worksheets/_rels/sheet1.xml.rels
15:11:02.059 [main]DEBUG org.apache.poi.openxml4j.opc.PackageRelationshipCollection - Parsing relationship: /_rels/.rels
15:11:02.079 [main]DEBUG org.apache.poi.ooxml.POIXMLFactory - using default POIXMLDocumentPart for http://schemas.openxmlformats.org/officeDocument/2006/relationships/printerSettings
15:11:02.093 [main]DEBUG org.apache.poi.openxml4j.opc.PackageRelationshipCollection - Parsing relationship: /xl/_rels/workbook.xml.rels
15:11:02.102 [main]DEBUG org.apache.poi.openxml4j.opc.PackageRelationshipCollection - Parsing relationship: /xl/worksheets/_rels/sheet1.xml.rels
15:11:02.103 [main]DEBUG org.apache.poi.openxml4j.opc.PackageRelationshipCollection - Parsing relationship: /_rels/.rels
15:11:02.118 [main]DEBUG org.apache.poi.ooxml.POIXMLFactory - using default POIXMLDocumentPart for http://schemas.openxmlformats.org/officeDocument/2006/relationships/printerSettings
15:11:02.135 [main]DEBUG org.apache.poi.openxml4j.opc.PackageRelationshipCollection - Parsing relationship: /xl/_rels/workbook.xml.rels
15:11:02.135 [main]DEBUG org.apache.poi.openxml4j.opc.PackageRelationshipCollection - Parsing relationship: /xl/worksheets/_rels/sheet1.xml.rels
15:11:02.135 [main]DEBUG org.apache.poi.openxml4j.opc.PackageRelationshipCollection - Parsing relationship: /_rels/.rels
15:11:02.151 [main]DEBUG org.apache.poi.ooxml.POIXMLFactory - using default POIXMLDocumentPart for http://schemas.openxmlformats.org/officeDocument/2006/relationships/printerSettings
15:11:02.181 [main]DEBUG org.apache.poi.openxml4j.opc.PackageRelationshipCollection - Parsing relationship: /xl/_rels/workbook.xml.rels
15:11:02.183 [main]DEBUG org.apache.poi.openxml4j.opc.PackageRelationshipCollection - Parsing relationship: /xl/worksheets/_rels/sheet1.xml.rels
15:11:02.183 [main]DEBUG org.apache.poi.openxml4j.opc.PackageRelationshipCollection - Parsing relationship: /_rels/.rels
15:11:02.199 [main]DEBUG org.apache.poi.ooxml.POIXMLFactory - using default POIXMLDocumentPart for http://schemas.openxmlformats.org/officeDocument/2006/relationships/printerSettings
15:11:02.223 [main]DEBUG org.apache.poi.openxml4j.opc.PackageRelationshipCollection - Parsing relationship: /xl/_rels/workbook.xml.rels
15:11:02.223 [main]DEBUG org.apache.poi.openxml4j.opc.PackageRelationshipCollection - Parsing relationship: /xl/worksheets/_rels/sheet1.xml.rels
15:11:02.223 [main]DEBUG org.apache.poi.openxml4j.opc.PackageRelationshipCollection - Parsing relationship: /_rels/.rels
15:11:02.244 [main]DEBUG org.apache.poi.ooxml.POIXMLFactory - using default POIXMLDocumentPart for http://schemas.openxmlformats.org/officeDocument/2006/relationships/printerSettings
15:11:02.264 [main]DEBUG org.apache.poi.openxml4j.opc.PackageRelationshipCollection - Parsing relationship: /xl/_rels/workbook.xml.rels
15:11:02.266 [main]DEBUG org.apache.poi.openxml4j.opc.PackageRelationshipCollection - Parsing relationship: /xl/worksheets/_rels/sheet1.xml.rels
15:11:02.268 [main]DEBUG org.apache.poi.openxml4j.opc.PackageRelationshipCollection - Parsing relationship: /_rels/.rels
15:11:02.293 [main]DEBUG org.apache.poi.ooxml.POIXMLFactory - using default POIXMLDocumentPart for http://schemas.openxmlformats.org/officeDocument/2006/relationships/printerSettings
15:13:58.007 [main]DEBUG org.testng.TestNG - suiteXmlPath: "C:\Users\Admin\eclipse-workspace\JAVAProgramsAT\NinJAV10\test-output\groupingTestng.xml"
15:13:58.522 [main] INFO org.testng.internal.Utils - [TestNG] Running:
  C:\Users\Admin\eclipse-workspace\JAVAProgramsAT\NinJAV10\test-output\groupingTestng.xml

15:15:00.096 [main]DEBUG org.testng.TestNG - suiteXmlPath: "C:\Users\Admin\eclipse-workspace\JAVAProgramsAT\NinJAV10\masterTestng.xml"
15:15:00.779 [main] INFO org.testng.internal.Utils - [TestNG] Running:
  C:\Users\Admin\eclipse-workspace\JAVAProgramsAT\NinJAV10\masterTestng.xml

15:16:21.273 [main]DEBUG org.testng.TestNG - suiteXmlPath: "C:\Users\Admin\eclipse-workspace\JAVAProgramsAT\NinJAV10\masterTestng.xml"
15:16:21.782 [main] INFO org.testng.internal.Utils - [TestNG] Running:
  C:\Users\Admin\eclipse-workspace\JAVAProgramsAT\NinJAV10\masterTestng.xml

15:16:38.492 [main]DEBUG org.testng.TestNG - suiteXmlPath: "C:\Users\Admin\eclipse-workspace\JAVAProgramsAT\NinJAV10\masterTestng.xml"
15:16:39.044 [main] INFO org.testng.internal.Utils - [TestNG] Running:
  C:\Users\Admin\eclipse-workspace\JAVAProgramsAT\NinJAV10\masterTestng.xml

15:16:52.041 [main]DEBUG org.testng.TestNG - suiteXmlPath: "C:\Users\Admin\eclipse-workspace\JAVAProgramsAT\NinJAV10\masterTestng.xml"
15:16:52.693 [main] INFO org.testng.internal.Utils - [TestNG] Running:
  C:\Users\Admin\eclipse-workspace\JAVAProgramsAT\NinJAV10\masterTestng.xml

15:16:56.414 [main] INFO testCases.TC002_LoginTest - *** Started TC002 ***
15:18:03.216 [main]DEBUG org.testng.TestNG - suiteXmlPath: "C:\Users\Admin\eclipse-workspace\JAVAProgramsAT\NinJAV10\test-output\groupingTestng.xml"
15:18:03.749 [main] INFO org.testng.internal.Utils - [TestNG] Running:
  C:\Users\Admin\eclipse-workspace\JAVAProgramsAT\NinJAV10\test-output\groupingTestng.xml

15:18:07.486 [main] INFO testCases.TC002_LoginTest - *** Started TC002 ***
15:19:11.252 [main]DEBUG org.testng.TestNG - suiteXmlPath: "C:\Users\Admin\eclipse-workspace\JAVAProgramsAT\NinJAV10\test-output\groupingTestng.xml"
15:19:11.944 [main] INFO org.testng.internal.Utils - [TestNG] Running:
  C:\Users\Admin\eclipse-workspace\JAVAProgramsAT\NinJAV10\test-output\groupingTestng.xml

15:19:15.524 [main] INFO testCases.TC002_LoginTest - *** Started TC002 ***
15:20:40.942 [main]DEBUG org.testng.TestNG - suiteXmlPath: "C:\Users\Admin\eclipse-workspace\JAVAProgramsAT\NinJAV10\test-output\groupingTestng.xml"
15:20:41.520 [main] INFO org.testng.internal.Utils - [TestNG] Running:
  C:\Users\Admin\eclipse-workspace\JAVAProgramsAT\NinJAV10\test-output\groupingTestng.xml

15:20:45.589 [main] INFO testCases.TC002_LoginTest - *** Started TC002 ***
15:26:51.265 [main]DEBUG org.testng.TestNG - suiteXmlPath: "C:\Users\Admin\eclipse-workspace\JAVAProgramsAT\NinJAV10\test-output\groupingTestng.xml"
15:26:51.912 [main] INFO org.testng.internal.Utils - [TestNG] Running:
  C:\Users\Admin\eclipse-workspace\JAVAProgramsAT\NinJAV10\test-output\groupingTestng.xml

15:26:55.898 [main] INFO testCases.TC002_LoginTest - *** Started TC002 ***
15:31:07.299 [main]DEBUG org.testng.TestNG - suiteXmlPath: "C:\Users\Admin\eclipse-workspace\JAVAProgramsAT\NinJAV10\test-output\groupingTestng.xml"
15:31:07.551 [main] INFO org.testng.internal.Utils - [TestNG] Running:
  C:\Users\Admin\eclipse-workspace\JAVAProgramsAT\NinJAV10\test-output\groupingTestng.xml

15:32:39.944 [main]DEBUG org.testng.TestNG - suiteXmlPath: "C:\Users\Admin\eclipse-workspace\JAVAProgramsAT\NinJAV10\test-output\groupingTestng.xml"
15:32:40.204 [main] INFO org.testng.internal.Utils - [TestNG] Running:
  C:\Users\Admin\eclipse-workspace\JAVAProgramsAT\NinJAV10\test-output\groupingTestng.xml

15:32:42.777 [main] INFO testCases.TC001_AccountRegistrationTest - *** Started TC001 ***
15:32:42.894 [main] INFO testCases.TC001_AccountRegistrationTest - Clicked on My Account link
15:32:43.383 [main] INFO testCases.TC001_AccountRegistrationTest - Clicked on My Register link
15:32:43.383 [main] INFO testCases.TC001_AccountRegistrationTest - Enter all details
15:32:43.712 [main] INFO testCases.TC001_AccountRegistrationTest - Set password
15:32:48.058 [main] INFO testCases.TC001_AccountRegistrationTest - Validation message
15:32:48.115 [main] INFO testCases.TC001_AccountRegistrationTest - *** Finished TC001 ***
15:34:18.156 [main]DEBUG org.testng.TestNG - suiteXmlPath: "C:\Users\Admin\eclipse-workspace\JAVAProgramsAT\NinJAV10\test-output\groupingTestng.xml"
15:34:18.413 [main] INFO org.testng.internal.Utils - [TestNG] Running:
  C:\Users\Admin\eclipse-workspace\JAVAProgramsAT\NinJAV10\test-output\groupingTestng.xml

15:34:20.800 [main] INFO testCases.TC001_AccountRegistrationTest - *** Started TC001 ***
15:34:20.942 [main] INFO testCases.TC001_AccountRegistrationTest - Clicked on My Account link
15:34:21.438 [main] INFO testCases.TC001_AccountRegistrationTest - Clicked on My Register link
15:34:21.438 [main] INFO testCases.TC001_AccountRegistrationTest - Enter all details
15:34:21.755 [main] INFO testCases.TC001_AccountRegistrationTest - Set password
15:34:26.123 [main] INFO testCases.TC001_AccountRegistrationTest - Validation message
15:34:26.194 [main] INFO testCases.TC001_AccountRegistrationTest - *** Finished TC001 ***
15:34:43.359 [main]DEBUG org.testng.TestNG - suiteXmlPath: "C:\Users\Admin\eclipse-workspace\JAVAProgramsAT\NinJAV10\test-output\groupingTestng.xml"
15:34:43.626 [main] INFO org.testng.internal.Utils - [TestNG] Running:
  C:\Users\Admin\eclipse-workspace\JAVAProgramsAT\NinJAV10\test-output\groupingTestng.xml

15:34:46.077 [main] INFO testCases.TC002_LoginTest - *** Started TC002 ***
15:35:05.417 [main]DEBUG org.testng.TestNG - suiteXmlPath: "C:\Users\Admin\eclipse-workspace\JAVAProgramsAT\NinJAV10\test-output\groupingTestng.xml"
15:35:05.681 [main] INFO org.testng.internal.Utils - [TestNG] Running:
  C:\Users\Admin\eclipse-workspace\JAVAProgramsAT\NinJAV10\test-output\groupingTestng.xml

15:35:07.932 [main] INFO testCases.TC001_AccountRegistrationTest - *** Started TC001 ***
15:35:08.037 [main] INFO testCases.TC001_AccountRegistrationTest - Clicked on My Account link
15:35:08.477 [main] INFO testCases.TC001_AccountRegistrationTest - Clicked on My Register link
15:35:08.477 [main] INFO testCases.TC001_AccountRegistrationTest - Enter all details
15:35:08.785 [main] INFO testCases.TC001_AccountRegistrationTest - Set password
15:35:13.478 [main] INFO testCases.TC001_AccountRegistrationTest - Validation message
15:35:13.544 [main] INFO testCases.TC001_AccountRegistrationTest - *** Finished TC001 ***
15:35:15.451 [main] INFO testCases.TC002_LoginTest - *** Started TC002 ***
15:35:51.714 [main]DEBUG org.testng.TestNG - suiteXmlPath: "C:\Users\Admin\eclipse-workspace\JAVAProgramsAT\NinJAV10\test-output\groupingTestng.xml"
15:35:51.988 [main] INFO org.testng.internal.Utils - [TestNG] Running:
  C:\Users\Admin\eclipse-workspace\JAVAProgramsAT\NinJAV10\test-output\groupingTestng.xml

15:35:54.319 [main] INFO testCases.TC001_AccountRegistrationTest - *** Started TC001 ***
15:35:54.418 [main] INFO testCases.TC001_AccountRegistrationTest - Clicked on My Account link
15:35:54.832 [main] INFO testCases.TC001_AccountRegistrationTest - Clicked on My Register link
15:35:54.832 [main] INFO testCases.TC001_AccountRegistrationTest - Enter all details
15:35:55.139 [main] INFO testCases.TC001_AccountRegistrationTest - Set password
15:35:59.544 [main] INFO testCases.TC001_AccountRegistrationTest - Validation message
15:35:59.626 [main] INFO testCases.TC001_AccountRegistrationTest - *** Finished TC001 ***
15:36:01.924 [main] INFO testCases.TC002_LoginTest - *** Started TC002 ***
16:30:59.249 [main]DEBUG org.testng.TestNG - suiteXmlPath: "C:\Users\Admin\eclipse-workspace\JAVAProgramsAT\NinJAV10\test-output\groupingTestng.xml"
16:30:59.537 [main] INFO org.testng.internal.Utils - [TestNG] Running:
  C:\Users\Admin\eclipse-workspace\JAVAProgramsAT\NinJAV10\test-output\groupingTestng.xml

16:31:02.956 [main] INFO testCases.TC001_AccountRegistrationTest - *** Started TC001 ***
16:31:03.066 [main] INFO testCases.TC001_AccountRegistrationTest - Clicked on My Account link
16:31:03.537 [main] INFO testCases.TC001_AccountRegistrationTest - Clicked on My Register link
16:31:03.537 [main] INFO testCases.TC001_AccountRegistrationTest - Enter all details
16:31:03.848 [main] INFO testCases.TC001_AccountRegistrationTest - Set password
16:31:08.127 [main] INFO testCases.TC001_AccountRegistrationTest - Validation message
16:31:08.196 [main] INFO testCases.TC001_AccountRegistrationTest - *** Finished TC001 ***
16:31:10.322 [main] INFO testCases.TC002_LoginTest - *** Started TC002 ***
16:33:39.481 [main]DEBUG org.testng.TestNG - suiteXmlPath: "C:\Users\Admin\eclipse-workspace\JAVAProgramsAT\NinJAV10\test-output\groupingTestng.xml"
16:33:39.756 [main] INFO org.testng.internal.Utils - [TestNG] Running:
  C:\Users\Admin\eclipse-workspace\JAVAProgramsAT\NinJAV10\test-output\groupingTestng.xml

16:33:43.454 [main] INFO testCases.TC001_AccountRegistrationTest - *** Started TC001 ***
16:33:43.597 [main] INFO testCases.TC001_AccountRegistrationTest - Clicked on My Account link
16:33:44.111 [main] INFO testCases.TC001_AccountRegistrationTest - Clicked on My Register link
16:33:44.111 [main] INFO testCases.TC001_AccountRegistrationTest - Enter all details
16:33:44.438 [main] INFO testCases.TC001_AccountRegistrationTest - Set password
16:33:49.327 [main] INFO testCases.TC001_AccountRegistrationTest - Validation message
16:33:49.401 [main] INFO testCases.TC001_AccountRegistrationTest - *** Finished TC001 ***
16:33:51.417 [main] INFO testCases.TC002_LoginTest - *** Started TC002 ***
16:36:04.916 [main]DEBUG org.testng.TestNG - suiteXmlPath: "C:\Users\Admin\eclipse-workspace\JAVAProgramsAT\NinJAV10\test-output\groupingTestng.xml"
16:36:05.193 [main] INFO org.testng.internal.Utils - [TestNG] Running:
  C:\Users\Admin\eclipse-workspace\JAVAProgramsAT\NinJAV10\test-output\groupingTestng.xml

16:36:07.804 [main] INFO testCases.TC001_AccountRegistrationTest - *** Started TC001 ***
16:36:07.921 [main] INFO testCases.TC001_AccountRegistrationTest - Clicked on My Account link
16:36:08.488 [main] INFO testCases.TC001_AccountRegistrationTest - Clicked on My Register link
16:36:08.490 [main] INFO testCases.TC001_AccountRegistrationTest - Enter all details
16:36:08.804 [main] INFO testCases.TC001_AccountRegistrationTest - Set password
16:36:13.292 [main] INFO testCases.TC001_AccountRegistrationTest - Validation message
16:36:13.364 [main] INFO testCases.TC001_AccountRegistrationTest - *** Finished TC001 ***
16:36:16.093 [main] INFO testCases.TC002_LoginTest - *** Started TC002 ***
16:38:38.336 [main]DEBUG org.testng.TestNG - suiteXmlPath: "C:\Users\Admin\eclipse-workspace\JAVAProgramsAT\NinJAV10\test-output\groupingTestng.xml"
16:38:38.593 [main] INFO org.testng.internal.Utils - [TestNG] Running:
  C:\Users\Admin\eclipse-workspace\JAVAProgramsAT\NinJAV10\test-output\groupingTestng.xml

16:38:41.275 [main] INFO testCases.TC001_AccountRegistrationTest - *** Started TC001 ***
16:38:41.397 [main] INFO testCases.TC001_AccountRegistrationTest - Clicked on My Account link
16:38:41.956 [main] INFO testCases.TC001_AccountRegistrationTest - Clicked on My Register link
16:38:41.956 [main] INFO testCases.TC001_AccountRegistrationTest - Enter all details
16:38:42.265 [main] INFO testCases.TC001_AccountRegistrationTest - Set password
16:38:47.406 [main] INFO testCases.TC001_AccountRegistrationTest - Validation message
16:38:47.484 [main] INFO testCases.TC001_AccountRegistrationTest - *** Finished TC001 ***
16:38:49.582 [main] INFO testCases.TC002_LoginTest - *** Started TC002 ***
16:42:22.280 [main]DEBUG org.testng.TestNG - suiteXmlPath: "C:\Users\Admin\eclipse-workspace\JAVAProgramsAT\NinJAV10\test-output\groupingTestng.xml"
16:42:22.550 [main] INFO org.testng.internal.Utils - [TestNG] Running:
  C:\Users\Admin\eclipse-workspace\JAVAProgramsAT\NinJAV10\test-output\groupingTestng.xml

16:42:25.213 [main] INFO testCases.TC001_AccountRegistrationTest - *** Started TC001 ***
16:42:25.345 [main] INFO testCases.TC001_AccountRegistrationTest - Clicked on My Account link
16:42:25.882 [main] INFO testCases.TC001_AccountRegistrationTest - Clicked on My Register link
16:42:25.882 [main] INFO testCases.TC001_AccountRegistrationTest - Enter all details
16:42:26.178 [main] INFO testCases.TC001_AccountRegistrationTest - Set password
16:42:30.527 [main] INFO testCases.TC001_AccountRegistrationTest - Validation message
16:42:30.546 [main] INFO testCases.TC001_AccountRegistrationTest - *** Finished TC001 ***
16:42:33.045 [main] INFO testCases.TC002_LoginTest - *** Started TC002 ***
16:45:36.764 [main]DEBUG org.testng.TestNG - suiteXmlPath: "C:\Users\Admin\eclipse-workspace\JAVAProgramsAT\NinJAV10\test-output\groupingTestng.xml"
16:45:37.022 [main] INFO org.testng.internal.Utils - [TestNG] Running:
  C:\Users\Admin\eclipse-workspace\JAVAProgramsAT\NinJAV10\test-output\groupingTestng.xml

16:45:39.695 [main] INFO testCases.TC001_AccountRegistrationTest - *** Started TC001 ***
16:45:39.808 [main] INFO testCases.TC001_AccountRegistrationTest - Clicked on My Account link
16:45:40.478 [main] INFO testCases.TC001_AccountRegistrationTest - Clicked on My Register link
16:45:40.479 [main] INFO testCases.TC001_AccountRegistrationTest - Enter all details
16:45:40.792 [main] INFO testCases.TC001_AccountRegistrationTest - Set password
16:45:45.290 [main] INFO testCases.TC001_AccountRegistrationTest - Validation message
16:45:45.354 [main] INFO testCases.TC001_AccountRegistrationTest - *** Finished TC001 ***
16:45:47.339 [main] INFO testCases.TC002_LoginTest - *** Started TC002 ***
16:48:53.663 [main]DEBUG org.testng.TestNG - suiteXmlPath: "C:\Users\Admin\eclipse-workspace\JAVAProgramsAT\NinJAV10\test-output\groupingTestng.xml"
16:48:53.933 [main] INFO org.testng.internal.Utils - [TestNG] Running:
  C:\Users\Admin\eclipse-workspace\JAVAProgramsAT\NinJAV10\test-output\groupingTestng.xml

16:48:56.531 [main] INFO testCases.TC001_AccountRegistrationTest - *** Started TC001 ***
16:48:56.649 [main] INFO testCases.TC001_AccountRegistrationTest - Clicked on My Account link
16:48:57.115 [main] INFO testCases.TC001_AccountRegistrationTest - Clicked on My Register link
16:48:57.115 [main] INFO testCases.TC001_AccountRegistrationTest - Enter all details
16:48:57.417 [main] INFO testCases.TC001_AccountRegistrationTest - Set password
16:49:01.739 [main] INFO testCases.TC001_AccountRegistrationTest - Validation message
16:49:01.808 [main] INFO testCases.TC001_AccountRegistrationTest - *** Finished TC001 ***
16:49:03.972 [main] INFO testCases.TC002_LoginTest - *** Started TC002 ***
16:50:38.943 [main]DEBUG org.testng.TestNG - suiteXmlPath: "C:\Users\Admin\eclipse-workspace\JAVAProgramsAT\NinJAV10\test-output\groupingTestng.xml"
16:50:39.212 [main] INFO org.testng.internal.Utils - [TestNG] Running:
  C:\Users\Admin\eclipse-workspace\JAVAProgramsAT\NinJAV10\test-output\groupingTestng.xml

16:50:42.895 [main] INFO testCases.TC001_AccountRegistrationTest - *** Started TC001 ***
16:50:42.994 [main] INFO testCases.TC001_AccountRegistrationTest - Clicked on My Account link
16:50:43.494 [main] INFO testCases.TC001_AccountRegistrationTest - Clicked on My Register link
16:50:43.495 [main] INFO testCases.TC001_AccountRegistrationTest - Enter all details
16:50:43.804 [main] INFO testCases.TC001_AccountRegistrationTest - Set password
16:50:48.203 [main] INFO testCases.TC001_AccountRegistrationTest - Validation message
16:50:48.273 [main]ERROR testCases.TC001_AccountRegistrationTest - Test Failed
16:50:48.273 [main]DEBUG testCases.TC001_AccountRegistrationTest - Test Debug
16:50:50.384 [main] INFO testCases.TC002_LoginTest - *** Started TC002 ***
16:51:26.109 [main]DEBUG org.testng.TestNG - suiteXmlPath: "C:\Users\Admin\eclipse-workspace\JAVAProgramsAT\NinJAV10\test-output\groupingTestng.xml"
16:51:26.386 [main] INFO org.testng.internal.Utils - [TestNG] Running:
  C:\Users\Admin\eclipse-workspace\JAVAProgramsAT\NinJAV10\test-output\groupingTestng.xml

16:51:29.713 [main] INFO testCases.TC001_AccountRegistrationTest - *** Started TC001 ***
16:51:29.846 [main] INFO testCases.TC001_AccountRegistrationTest - Clicked on My Account link
16:51:30.424 [main] INFO testCases.TC001_AccountRegistrationTest - Clicked on My Register link
16:51:30.424 [main] INFO testCases.TC001_AccountRegistrationTest - Enter all details
16:51:30.756 [main] INFO testCases.TC001_AccountRegistrationTest - Set password
16:51:35.353 [main] INFO testCases.TC001_AccountRegistrationTest - Validation message
16:51:35.417 [main]ERROR testCases.TC001_AccountRegistrationTest - Test Failed
16:51:35.417 [main]DEBUG testCases.TC001_AccountRegistrationTest - Test Debug
16:51:37.636 [main] INFO testCases.TC002_LoginTest - *** Started TC002 ***
16:53:07.208 [main]DEBUG org.testng.TestNG - suiteXmlPath: "C:\Users\Admin\eclipse-workspace\JAVAProgramsAT\NinJAV10\masterTestng.xml"
16:53:07.465 [main] INFO org.testng.internal.Utils - [TestNG] Running:
  C:\Users\Admin\eclipse-workspace\JAVAProgramsAT\NinJAV10\masterTestng.xml

16:53:10.112 [main] INFO testCases.TC002_LoginTest - *** Started TC002 ***
16:54:11.004 [main]DEBUG org.testng.TestNG - suiteXmlPath: "C:\Users\Admin\eclipse-workspace\JAVAProgramsAT\NinJAV10\test-output\groupingTestng.xml"
16:54:11.281 [main] INFO org.testng.internal.Utils - [TestNG] Running:
  C:\Users\Admin\eclipse-workspace\JAVAProgramsAT\NinJAV10\test-output\groupingTestng.xml

16:54:13.906 [main] INFO testCases.TC001_AccountRegistrationTest - *** Started TC001 ***
16:54:14.027 [main] INFO testCases.TC001_AccountRegistrationTest - Clicked on My Account link
16:54:14.536 [main] INFO testCases.TC001_AccountRegistrationTest - Clicked on My Register link
16:54:14.536 [main] INFO testCases.TC001_AccountRegistrationTest - Enter all details
16:54:14.894 [main] INFO testCases.TC001_AccountRegistrationTest - Set password
16:54:19.342 [main] INFO testCases.TC001_AccountRegistrationTest - Validation message
16:54:19.406 [main]ERROR testCases.TC001_AccountRegistrationTest - Test Failed
16:54:19.406 [main]DEBUG testCases.TC001_AccountRegistrationTest - Test Debug
16:54:21.576 [main] INFO testCases.TC002_LoginTest - *** Started TC002 ***
17:13:07.223 [main]DEBUG org.testng.TestNG - suiteXmlPath: "C:\Users\Admin\eclipse-workspace\JAVAProgramsAT\NinJAV10\test-output\groupingTestng.xml"
17:13:07.496 [main] INFO org.testng.internal.Utils - [TestNG] Running:
  C:\Users\Admin\eclipse-workspace\JAVAProgramsAT\NinJAV10\test-output\groupingTestng.xml

17:13:40.081 [main]DEBUG org.testng.TestNG - suiteXmlPath: "C:\Users\Admin\eclipse-workspace\JAVAProgramsAT\NinJAV10\test-output\groupingTestng.xml"
17:13:40.502 [main] INFO org.testng.internal.Utils - [TestNG] Running:
  C:\Users\Admin\eclipse-workspace\JAVAProgramsAT\NinJAV10\test-output\groupingTestng.xml

17:13:43.786 [main] INFO testCases.TC001_AccountRegistrationTest - *** Started TC001 ***
17:13:43.911 [main] INFO testCases.TC001_AccountRegistrationTest - Clicked on My Account link
17:13:44.765 [main] INFO testCases.TC001_AccountRegistrationTest - Clicked on My Register link
17:13:44.765 [main] INFO testCases.TC001_AccountRegistrationTest - Enter all details
17:13:45.116 [main] INFO testCases.TC001_AccountRegistrationTest - Set password
17:13:49.823 [main] INFO testCases.TC001_AccountRegistrationTest - Validation message
17:13:49.875 [main] INFO testCases.TC001_AccountRegistrationTest - *** Finished TC001 ***
17:13:52.138 [main] INFO testCases.TC002_LoginTest - *** Started TC002 ***
12:54:20.080 [main]DEBUG org.testng.TestNG - suiteXmlPath: "C:\Users\Admin\eclipse-workspace\JAVAProgramsAT\NinJAV10\masterTestng.xml"
12:54:20.360 [main] INFO org.testng.internal.Utils - [TestNG] Running:
  C:\Users\Admin\eclipse-workspace\JAVAProgramsAT\NinJAV10\masterTestng.xml

12:54:26.430 [main] INFO testCases.TC001_AccountRegistrationTest - *** Started TC001 ***
12:54:26.558 [main] INFO testCases.TC001_AccountRegistrationTest - Clicked on My Account link
12:54:27.061 [main] INFO testCases.TC001_AccountRegistrationTest - Clicked on My Register link
12:54:27.062 [main] INFO testCases.TC001_AccountRegistrationTest - Enter all details
12:54:27.479 [main] INFO testCases.TC001_AccountRegistrationTest - Set password
12:54:32.637 [main] INFO testCases.TC001_AccountRegistrationTest - Validation message
12:54:32.678 [main] INFO testCases.TC001_AccountRegistrationTest - *** Finished TC001 ***
12:54:34.792 [main] INFO testCases.TC002_LoginTest - *** Started TC002 ***
12:55:08.212 [main]DEBUG org.testng.TestNG - suiteXmlPath: "C:\Users\Admin\eclipse-workspace\JAVAProgramsAT\NinJAV10\masterTestng.xml"
12:55:08.492 [main] INFO org.testng.internal.Utils - [TestNG] Running:
  C:\Users\Admin\eclipse-workspace\JAVAProgramsAT\NinJAV10\masterTestng.xml

12:55:11.545 [main] INFO testCases.TC001_AccountRegistrationTest - *** Started TC001 ***
12:55:11.668 [main] INFO testCases.TC001_AccountRegistrationTest - Clicked on My Account link
12:55:12.291 [main] INFO testCases.TC001_AccountRegistrationTest - Clicked on My Register link
12:55:12.291 [main] INFO testCases.TC001_AccountRegistrationTest - Enter all details
12:55:12.699 [main] INFO testCases.TC001_AccountRegistrationTest - Set password
12:55:18.060 [main] INFO testCases.TC001_AccountRegistrationTest - Validation message
12:55:18.148 [main] INFO testCases.TC001_AccountRegistrationTest - *** Finished TC001 ***
12:55:20.262 [main] INFO testCases.TC002_LoginTest - *** Started TC002 ***
12:55:57.508 [main]DEBUG org.testng.TestNG - suiteXmlPath: "C:\Users\Admin\eclipse-workspace\JAVAProgramsAT\NinJAV10\masterTestng.xml"
12:55:57.784 [main] INFO org.testng.internal.Utils - [TestNG] Running:
  C:\Users\Admin\eclipse-workspace\JAVAProgramsAT\NinJAV10\masterTestng.xml

12:56:00.286 [main] INFO testCases.TC001_AccountRegistrationTest - *** Started TC001 ***
12:56:00.394 [main] INFO testCases.TC001_AccountRegistrationTest - Clicked on My Account link
12:56:00.818 [main] INFO testCases.TC001_AccountRegistrationTest - Clicked on My Register link
12:56:00.818 [main] INFO testCases.TC001_AccountRegistrationTest - Enter all details
12:56:01.130 [main] INFO testCases.TC001_AccountRegistrationTest - Set password
12:56:05.789 [main] INFO testCases.TC001_AccountRegistrationTest - Validation message
12:56:05.855 [main] INFO testCases.TC001_AccountRegistrationTest - *** Finished TC001 ***
12:56:08.000 [main] INFO testCases.TC002_LoginTest - *** Started TC002 ***
12:56:31.894 [main]DEBUG org.testng.TestNG - suiteXmlPath: "C:\Users\Admin\eclipse-workspace\JAVAProgramsAT\NinJAV10\masterTestng.xml"
12:56:32.203 [main] INFO org.testng.internal.Utils - [TestNG] Running:
  C:\Users\Admin\eclipse-workspace\JAVAProgramsAT\NinJAV10\masterTestng.xml

12:56:34.892 [main] INFO testCases.TC001_AccountRegistrationTest - *** Started TC001 ***
12:56:35.008 [main] INFO testCases.TC001_AccountRegistrationTest - Clicked on My Account link
12:56:35.576 [main] INFO testCases.TC001_AccountRegistrationTest - Clicked on My Register link
12:56:35.576 [main] INFO testCases.TC001_AccountRegistrationTest - Enter all details
12:56:35.854 [main] INFO testCases.TC001_AccountRegistrationTest - Set password
12:56:40.308 [main] INFO testCases.TC001_AccountRegistrationTest - Validation message
12:56:40.347 [main] INFO testCases.TC001_AccountRegistrationTest - *** Finished TC001 ***
12:56:42.334 [main] INFO testCases.TC002_LoginTest - *** Started TC002 ***
14:16:41.695 [main]DEBUG org.testng.TestNG - suiteXmlPath: "C:\Users\Admin\eclipse-workspace\JAVAProgramsAT\NinJAV10\masterTestng.xml"
14:16:41.967 [main] INFO org.testng.internal.Utils - [TestNG] Running:
  C:\Users\Admin\eclipse-workspace\JAVAProgramsAT\NinJAV10\masterTestng.xml

18:37:22.957 [main]DEBUG org.testng.TestNG - suiteXmlPath: "C:\Users\Admin\eclipse-workspace\JAVAProgramsAT\NinJAV10\test-output\grid-docker.xml"
18:37:23.864 [main] INFO org.testng.internal.Utils - [TestNG] Running:
  C:\Users\Admin\eclipse-workspace\JAVAProgramsAT\NinJAV10\test-output\grid-docker.xml

18:37:24.786 [main] INFO testCases.TC001_AccountRegistrationTest - *** Started TC001 ***
18:37:24.987 [main] INFO testCases.TC002_LoginTest - *** Started TC002 ***
18:37:27.814 [main] INFO testCases.TC001_AccountRegistrationTest - *** Started TC001 ***
18:37:27.849 [main] INFO testCases.TC002_LoginTest - *** Started TC002 ***
18:39:26.409 [main]DEBUG org.testng.TestNG - suiteXmlPath: "C:\Users\Admin\eclipse-workspace\JAVAProgramsAT\NinJAV10\masterTestng.xml"
18:39:27.527 [main] INFO org.testng.internal.Utils - [TestNG] Running:
  C:\Users\Admin\eclipse-workspace\JAVAProgramsAT\NinJAV10\masterTestng.xml

18:47:09.237 [main]DEBUG org.testng.TestNG - suiteXmlPath: "C:\Users\Admin\eclipse-workspace\JAVAProgramsAT\NinJAV10\masterTestng.xml"
18:47:10.263 [main] INFO org.testng.internal.Utils - [TestNG] Running:
  C:\Users\Admin\eclipse-workspace\JAVAProgramsAT\NinJAV10\masterTestng.xml

18:49:28.622 [main]DEBUG org.testng.TestNG - suiteXmlPath: "C:\Users\Admin\eclipse-workspace\JAVAProgramsAT\NinJAV10\masterTestng.xml"
18:49:29.721 [main] INFO org.testng.internal.Utils - [TestNG] Running:
  C:\Users\Admin\eclipse-workspace\JAVAProgramsAT\NinJAV10\masterTestng.xml

18:49:42.510 [main] INFO testCases.TC001_AccountRegistrationTest - *** Started TC001 ***
18:49:42.787 [main] INFO testCases.TC001_AccountRegistrationTest - Clicked on My Account link
18:49:43.493 [main] INFO testCases.TC001_AccountRegistrationTest - Clicked on My Register link
18:49:43.493 [main] INFO testCases.TC001_AccountRegistrationTest - Enter all details
18:49:44.605 [main] INFO testCases.TC001_AccountRegistrationTest - Set password
18:49:50.737 [main] INFO testCases.TC001_AccountRegistrationTest - Validation message
18:49:50.800 [main] INFO testCases.TC001_AccountRegistrationTest - *** Finished TC001 ***
18:49:54.175 [main] INFO testCases.TC002_LoginTest - *** Started TC002 ***
18:54:06.379 [main]DEBUG org.testng.TestNG - suiteXmlPath: "C:\Users\Admin\eclipse-workspace\JAVAProgramsAT\NinJAV10\masterTestng.xml"
18:54:07.038 [main] INFO org.testng.internal.Utils - [TestNG] Running:
  C:\Users\Admin\eclipse-workspace\JAVAProgramsAT\NinJAV10\masterTestng.xml

18:57:53.081 [main]DEBUG org.testng.TestNG - suiteXmlPath: "C:\Users\Admin\eclipse-workspace\JAVAProgramsAT\NinJAV10\test-output\grid-docker.xml"
18:57:54.085 [main] INFO org.testng.internal.Utils - [TestNG] Running:
  C:\Users\Admin\eclipse-workspace\JAVAProgramsAT\NinJAV10\test-output\grid-docker.xml

18:58:07.798 [main] INFO testCases.TC001_AccountRegistrationTest - *** Started TC001 ***
18:58:08.270 [main] INFO testCases.TC001_AccountRegistrationTest - Clicked on My Account link
18:58:09.252 [main] INFO testCases.TC001_AccountRegistrationTest - Clicked on My Register link
18:58:09.253 [main] INFO testCases.TC001_AccountRegistrationTest - Enter all details
18:58:10.883 [main] INFO testCases.TC001_AccountRegistrationTest - Set password
18:58:16.933 [main] INFO testCases.TC001_AccountRegistrationTest - Validation message
18:58:17.173 [main] INFO testCases.TC001_AccountRegistrationTest - *** Finished TC001 ***
18:58:20.668 [main] INFO testCases.TC002_LoginTest - *** Started TC002 ***
18:58:37.919 [main] INFO testCases.TC001_AccountRegistrationTest - *** Started TC001 ***
18:58:38.411 [main] INFO testCases.TC001_AccountRegistrationTest - Clicked on My Account link
18:58:39.764 [main] INFO testCases.TC001_AccountRegistrationTest - Clicked on My Register link
18:58:39.765 [main] INFO testCases.TC001_AccountRegistrationTest - Enter all details
18:58:40.482 [main] INFO testCases.TC001_AccountRegistrationTest - Set password
18:58:46.185 [main] INFO testCases.TC001_AccountRegistrationTest - Validation message
18:58:46.335 [main] INFO testCases.TC001_AccountRegistrationTest - *** Finished TC001 ***
18:58:55.727 [main] INFO testCases.TC002_LoginTest - *** Started TC002 ***
18:59:17.657 [main]DEBUG org.testng.TestNG - suiteXmlPath: "C:\Users\Admin\eclipse-workspace\JAVAProgramsAT\NinJAV10\test-output\grid-docker.xml"
18:59:18.810 [main] INFO org.testng.internal.Utils - [TestNG] Running:
  C:\Users\Admin\eclipse-workspace\JAVAProgramsAT\NinJAV10\test-output\grid-docker.xml

18:59:25.239 [main] INFO testCases.TC001_AccountRegistrationTest - *** Started TC001 ***
18:59:25.644 [main] INFO testCases.TC001_AccountRegistrationTest - Clicked on My Account link
18:59:26.910 [main] INFO testCases.TC001_AccountRegistrationTest - Clicked on My Register link
18:59:26.910 [main] INFO testCases.TC001_AccountRegistrationTest - Enter all details
18:59:28.524 [main] INFO testCases.TC001_AccountRegistrationTest - Set password
18:59:35.251 [main] INFO testCases.TC001_AccountRegistrationTest - Validation message
18:59:35.463 [main] INFO testCases.TC001_AccountRegistrationTest - *** Finished TC001 ***
18:59:38.499 [main] INFO testCases.TC002_LoginTest - *** Started TC002 ***
18:59:52.218 [main] INFO testCases.TC001_AccountRegistrationTest - *** Started TC001 ***
18:59:52.770 [main] INFO testCases.TC001_AccountRegistrationTest - Clicked on My Account link
18:59:54.178 [main] INFO testCases.TC001_AccountRegistrationTest - Clicked on My Register link
18:59:54.178 [main] INFO testCases.TC001_AccountRegistrationTest - Enter all details
18:59:54.892 [main] INFO testCases.TC001_AccountRegistrationTest - Set password
18:59:59.966 [main] INFO testCases.TC001_AccountRegistrationTest - Validation message
19:00:00.110 [main] INFO testCases.TC001_AccountRegistrationTest - *** Finished TC001 ***
19:00:10.278 [main] INFO testCases.TC002_LoginTest - *** Started TC002 ***
19:01:38.513 [main]DEBUG org.testng.TestNG - suiteXmlPath: "C:\Users\Admin\eclipse-workspace\JAVAProgramsAT\NinJAV10\test-output\grid-docker.xml"
19:01:39.792 [main] INFO org.testng.internal.Utils - [TestNG] Running:
  C:\Users\Admin\eclipse-workspace\JAVAProgramsAT\NinJAV10\test-output\grid-docker.xml

19:01:46.188 [main] INFO testCases.TC001_AccountRegistrationTest - *** Started TC001 ***
19:01:46.589 [main] INFO testCases.TC001_AccountRegistrationTest - Clicked on My Account link
19:01:47.737 [main] INFO testCases.TC001_AccountRegistrationTest - Clicked on My Register link
19:01:47.737 [main] INFO testCases.TC001_AccountRegistrationTest - Enter all details
19:01:48.846 [main] INFO testCases.TC001_AccountRegistrationTest - Set password
19:01:55.363 [main] INFO testCases.TC001_AccountRegistrationTest - Validation message
19:01:55.616 [main] INFO testCases.TC001_AccountRegistrationTest - *** Finished TC001 ***
19:01:58.819 [main] INFO testCases.TC002_LoginTest - *** Started TC002 ***
19:02:29.094 [main]DEBUG org.testng.TestNG - suiteXmlPath: "C:\Users\Admin\eclipse-workspace\JAVAProgramsAT\NinJAV10\test-output\grid-docker.xml"
19:02:29.740 [main] INFO org.testng.internal.Utils - [TestNG] Running:
  C:\Users\Admin\eclipse-workspace\JAVAProgramsAT\NinJAV10\test-output\grid-docker.xml

19:02:35.570 [main] INFO testCases.TC001_AccountRegistrationTest - *** Started TC001 ***
19:02:36.054 [main] INFO testCases.TC001_AccountRegistrationTest - Clicked on My Account link
19:02:37.104 [main] INFO testCases.TC001_AccountRegistrationTest - Clicked on My Register link
19:02:37.105 [main] INFO testCases.TC001_AccountRegistrationTest - Enter all details
19:02:38.487 [main] INFO testCases.TC001_AccountRegistrationTest - Set password
19:02:45.196 [main] INFO testCases.TC001_AccountRegistrationTest - Validation message
19:02:45.450 [main] INFO testCases.TC001_AccountRegistrationTest - *** Finished TC001 ***
19:02:48.902 [main] INFO testCases.TC002_LoginTest - *** Started TC002 ***
13:38:23.968 [main]DEBUG org.testng.TestNG - suiteXmlPath: "C:\Users\Admin\eclipse-workspace\JAVAProgramsAT\NinJAV10\test-output\grid-docker.xml"
13:38:24.345 [main] INFO org.testng.internal.Utils - [TestNG] Running:
  C:\Users\Admin\eclipse-workspace\JAVAProgramsAT\NinJAV10\test-output\grid-docker.xml

13:38:27.927 [main] INFO testCases.TC001_AccountRegistrationTest - *** Started TC001 ***
13:38:28.122 [main] INFO testCases.TC001_AccountRegistrationTest - Clicked on My Account link
13:38:28.540 [main] INFO testCases.TC001_AccountRegistrationTest - Clicked on My Register link
13:38:28.541 [main] INFO testCases.TC001_AccountRegistrationTest - Enter all details
13:38:29.053 [main] INFO testCases.TC001_AccountRegistrationTest - Set password
13:38:33.594 [main] INFO testCases.TC001_AccountRegistrationTest - Validation message
13:38:33.690 [main] INFO testCases.TC001_AccountRegistrationTest - *** Finished TC001 ***
13:38:35.148 [main] INFO testCases.TC002_LoginTest - *** Started TC002 ***
13:38:43.306 [main] INFO testCases.TC001_AccountRegistrationTest - *** Started TC001 ***
13:38:43.619 [main] INFO testCases.TC001_AccountRegistrationTest - Clicked on My Account link
13:38:44.049 [main] INFO testCases.TC001_AccountRegistrationTest - Clicked on My Register link
13:38:44.049 [main] INFO testCases.TC001_AccountRegistrationTest - Enter all details
13:38:44.317 [main] INFO testCases.TC001_AccountRegistrationTest - Set password
13:38:48.731 [main] INFO testCases.TC001_AccountRegistrationTest - Validation message
13:38:48.780 [main] INFO testCases.TC001_AccountRegistrationTest - *** Finished TC001 ***
13:38:53.330 [main] INFO testCases.TC002_LoginTest - *** Started TC002 ***
13:43:30.043 [main]DEBUG org.testng.TestNG - suiteXmlPath: "C:\Users\Admin\eclipse-workspace\JAVAProgramsAT\NinJAV10\test-output\grid-docker.xml"
13:43:30.363 [main] INFO org.testng.internal.Utils - [TestNG] Running:
  C:\Users\Admin\eclipse-workspace\JAVAProgramsAT\NinJAV10\test-output\grid-docker.xml

13:44:32.578 [main]DEBUG org.testng.TestNG - suiteXmlPath: "C:\Users\Admin\eclipse-workspace\JAVAProgramsAT\NinJAV10\test-output\grid-docker.xml"
13:44:32.909 [main] INFO org.testng.internal.Utils - [TestNG] Running:
  C:\Users\Admin\eclipse-workspace\JAVAProgramsAT\NinJAV10\test-output\grid-docker.xml

13:55:59.644 [main]DEBUG org.testng.TestNG - suiteXmlPath: "C:\Users\Admin\eclipse-workspace\JAVAProgramsAT\NinJAV10\docker-compose.yaml"
14:20:03.848 [main]DEBUG org.testng.TestNG - suiteXmlPath: "C:\Users\Admin\eclipse-workspace\JAVAProgramsAT\NinJAV10\test-output\grid-docker.xml"
14:20:04.189 [main] INFO org.testng.internal.Utils - [TestNG] Running:
  C:\Users\Admin\eclipse-workspace\JAVAProgramsAT\NinJAV10\test-output\grid-docker.xml

14:20:07.887 [main] INFO testCases.TC001_AccountRegistrationTest - *** Started TC001 ***
14:20:08.045 [main] INFO testCases.TC001_AccountRegistrationTest - Clicked on My Account link
14:20:08.938 [main] INFO testCases.TC001_AccountRegistrationTest - Clicked on My Register link
14:20:08.938 [main] INFO testCases.TC001_AccountRegistrationTest - Enter all details
14:20:09.465 [main] INFO testCases.TC001_AccountRegistrationTest - Set password
14:20:16.428 [main] INFO testCases.TC001_AccountRegistrationTest - Validation message
14:20:16.511 [main] INFO testCases.TC001_AccountRegistrationTest - *** Finished TC001 ***
14:20:18.198 [main] INFO testCases.TC002_LoginTest - *** Started TC002 ***
14:20:27.761 [main] INFO testCases.TC001_AccountRegistrationTest - *** Started TC001 ***
14:20:27.934 [main] INFO testCases.TC001_AccountRegistrationTest - Clicked on My Account link
14:20:28.480 [main] INFO testCases.TC001_AccountRegistrationTest - Clicked on My Register link
14:20:28.480 [main] INFO testCases.TC001_AccountRegistrationTest - Enter all details
14:20:28.692 [main] INFO testCases.TC001_AccountRegistrationTest - Set password
14:20:33.151 [main] INFO testCases.TC001_AccountRegistrationTest - Validation message
14:20:33.211 [main] INFO testCases.TC001_AccountRegistrationTest - *** Finished TC001 ***
14:20:37.622 [main] INFO testCases.TC002_LoginTest - *** Started TC002 ***
14:26:42.748 [main]DEBUG org.testng.TestNG - suiteXmlPath: "C:\Users\Admin\eclipse-workspace\JAVAProgramsAT\NinJAV10\test-output\grid-docker.xml"
14:26:43.071 [main] INFO org.testng.internal.Utils - [TestNG] Running:
  C:\Users\Admin\eclipse-workspace\JAVAProgramsAT\NinJAV10\test-output\grid-docker.xml

14:26:46.851 [main] INFO testCases.TC001_AccountRegistrationTest - *** Started TC001 ***
14:26:47.098 [main] INFO testCases.TC001_AccountRegistrationTest - Clicked on My Account link
14:26:47.643 [main] INFO testCases.TC001_AccountRegistrationTest - Clicked on My Register link
14:26:47.643 [main] INFO testCases.TC001_AccountRegistrationTest - Enter all details
14:26:48.562 [main] INFO testCases.TC001_AccountRegistrationTest - Set password
14:26:53.970 [main] INFO testCases.TC001_AccountRegistrationTest - Validation message
14:26:54.053 [main] INFO testCases.TC001_AccountRegistrationTest - *** Finished TC001 ***
14:26:56.329 [main] INFO testCases.TC002_LoginTest - *** Started TC002 ***
14:27:04.087 [main] INFO testCases.TC001_AccountRegistrationTest - *** Started TC001 ***
14:27:04.261 [main] INFO testCases.TC001_AccountRegistrationTest - Clicked on My Account link
14:27:04.746 [main] INFO testCases.TC001_AccountRegistrationTest - Clicked on My Register link
14:27:04.747 [main] INFO testCases.TC001_AccountRegistrationTest - Enter all details
14:27:05.153 [main] INFO testCases.TC001_AccountRegistrationTest - Set password
14:27:09.634 [main] INFO testCases.TC001_AccountRegistrationTest - Validation message
14:27:09.678 [main] INFO testCases.TC001_AccountRegistrationTest - *** Finished TC001 ***
14:27:14.874 [main] INFO testCases.TC002_LoginTest - *** Started TC002 ***
14:29:09.629 [main]DEBUG org.testng.TestNG - suiteXmlPath: "C:\Users\Admin\eclipse-workspace\JAVAProgramsAT\NinJAV10\test-output\grid-docker.xml"
14:29:09.960 [main] INFO org.testng.internal.Utils - [TestNG] Running:
  C:\Users\Admin\eclipse-workspace\JAVAProgramsAT\NinJAV10\test-output\grid-docker.xml

14:29:12.376 [main] INFO testCases.TC001_AccountRegistrationTest - *** Started TC001 ***
14:29:12.552 [main] INFO testCases.TC001_AccountRegistrationTest - Clicked on My Account link
14:29:12.964 [main] INFO testCases.TC001_AccountRegistrationTest - Clicked on My Register link
14:29:12.964 [main] INFO testCases.TC001_AccountRegistrationTest - Enter all details
14:29:13.482 [main] INFO testCases.TC001_AccountRegistrationTest - Set password
14:29:18.132 [main] INFO testCases.TC001_AccountRegistrationTest - Validation message
14:29:18.206 [main] INFO testCases.TC001_AccountRegistrationTest - *** Finished TC001 ***
14:29:19.860 [main] INFO testCases.TC002_LoginTest - *** Started TC002 ***
14:29:28.595 [main] INFO testCases.TC001_AccountRegistrationTest - *** Started TC001 ***
14:29:28.793 [main] INFO testCases.TC001_AccountRegistrationTest - Clicked on My Account link
14:29:29.376 [main] INFO testCases.TC001_AccountRegistrationTest - Clicked on My Register link
14:29:29.376 [main] INFO testCases.TC001_AccountRegistrationTest - Enter all details
14:29:29.947 [main] INFO testCases.TC001_AccountRegistrationTest - Set password
14:29:34.556 [main] INFO testCases.TC001_AccountRegistrationTest - Validation message
14:29:34.587 [main] INFO testCases.TC001_AccountRegistrationTest - *** Finished TC001 ***
14:29:39.465 [main] INFO testCases.TC002_LoginTest - *** Started TC002 ***
14:39:19.643 [main]DEBUG org.testng.TestNG - suiteXmlPath: "C:\Users\Admin\eclipse-workspace\JAVAProgramsAT\NinJAV10\test-output\grid-docker.xml"
14:39:19.952 [main] INFO org.testng.internal.Utils - [TestNG] Running:
  C:\Users\Admin\eclipse-workspace\JAVAProgramsAT\NinJAV10\test-output\grid-docker.xml

14:39:23.139 [main] INFO testCases.TC001_AccountRegistrationTest - *** Started TC001 ***
14:39:23.326 [main] INFO testCases.TC001_AccountRegistrationTest - Clicked on My Account link
14:39:23.868 [main] INFO testCases.TC001_AccountRegistrationTest - Clicked on My Register link
14:39:23.868 [main] INFO testCases.TC001_AccountRegistrationTest - Enter all details
14:39:24.385 [main] INFO testCases.TC001_AccountRegistrationTest - Set password
14:39:28.901 [main] INFO testCases.TC001_AccountRegistrationTest - Validation message
14:39:28.975 [main] INFO testCases.TC001_AccountRegistrationTest - *** Finished TC001 ***
14:39:30.544 [main] INFO testCases.TC002_LoginTest - *** Started TC002 ***
14:39:37.631 [main] INFO testCases.TC001_AccountRegistrationTest - *** Started TC001 ***
14:39:37.847 [main] INFO testCases.TC001_AccountRegistrationTest - Clicked on My Account link
14:39:38.544 [main] INFO testCases.TC001_AccountRegistrationTest - Clicked on My Register link
14:39:38.545 [main] INFO testCases.TC001_AccountRegistrationTest - Enter all details
14:39:38.892 [main] INFO testCases.TC001_AccountRegistrationTest - Set password
14:39:43.256 [main] INFO testCases.TC001_AccountRegistrationTest - Validation message
14:39:43.297 [main] INFO testCases.TC001_AccountRegistrationTest - *** Finished TC001 ***
14:39:48.491 [main] INFO testCases.TC002_LoginTest - *** Started TC002 ***
16:24:01.147 [main]DEBUG org.testng.TestNG - suiteXmlPath: "C:\Users\Admin\eclipse-workspace\JAVAProgramsAT\NinJAV10\masterTestng.xml"
16:24:01.992 [main] INFO org.testng.internal.Utils - [TestNG] Running:
  C:\Users\Admin\eclipse-workspace\JAVAProgramsAT\NinJAV10\masterTestng.xml

16:24:35.025 [main]DEBUG org.testng.TestNG - suiteXmlPath: "C:\Users\Admin\eclipse-workspace\JAVAProgramsAT\NinJAV10\masterTestng.xml"
16:24:35.777 [main] INFO org.testng.internal.Utils - [TestNG] Running:
  C:\Users\Admin\eclipse-workspace\JAVAProgramsAT\NinJAV10\masterTestng.xml

16:25:08.507 [main] INFO testCases.TC001_AccountRegistrationTest - *** Started TC001 ***
16:25:08.827 [main] INFO testCases.TC001_AccountRegistrationTest - Clicked on My Account link
16:25:09.514 [main] INFO testCases.TC001_AccountRegistrationTest - Clicked on My Register link
